{"uuid":"42815854-0c34-496c-a576-4b9032d5fb07","historyId":"28788f1f4b3c843c5ca88ad23edea9a5","testCaseId":"61fff08a33c7be4bcd75233ac028b9d3","fullName":"src/test/java/resources/features/checkout.feature:35","labels":[{"name":"host","value":"VPMAN7277"},{"name":"thread","value":"3436@VPMAN7277.main(1)"},{"name":"feature","value":"Checkout"},{"name":"story","value":"Checkout the items in cart"},{"name":"suite","value":"Checkout"},{"name":"testClass","value":"Checkout the items in cart"},{"name":"framework","value":"cucumber4jvm"},{"name":"language","value":"java"},{"name":"gherkin_uri","value":"file:///C:/Users/jcatacutan/IdeaProjects/CommerceAutomation/src/test/java/resources/features/checkout.feature"},{"name":"package","value":"src.test.java.resources.features.checkout_feature.Checkout"}],"links":[],"name":"Checkout the items in cart","status":"broken","statusDetails":{"known":false,"muted":false,"flaky":false,"message":"element click intercepted: Element <a href=\"/cart\" class=\"ico-cart\">...</a> is not clickable at point (384, 18). Other element would receive the click: <p class=\"content\">...</p>\n  (Session info: chrome=139.0.7258.155)\nBuild info: version: '4.21.0', revision: '79ed462ef4'\nSystem info: os.name: 'Windows 10', os.arch: 'amd64', os.version: '10.0', java.version: '22.0.2'\nDriver info: org.openqa.selenium.chrome.ChromeDriver\nCommand: [3b1c673181c994888d118563762c1e26, clickElement {id=f.4165513C0B07582BDCE6C6478F65E91A.d.CE9EAFDC804B4EDD972D76F24FAD199B.e.163}]\nCapabilities {acceptInsecureCerts: false, browserName: chrome, browserVersion: 139.0.7258.155, chrome: {chromedriverVersion: 139.0.7258.154 (9e0d6b2b47f..., userDataDir: C:\\Users\\JCATAC~1\\AppData\\L...}, fedcm:accounts: true, goog:chromeOptions: {debuggerAddress: localhost:51630}, networkConnectionEnabled: false, pageLoadStrategy: normal, platformName: windows, proxy: Proxy(), se:cdp: ws://localhost:51630/devtoo..., se:cdpVersion: 139.0.7258.155, setWindowRect: true, strictFileInteractability: false, timeouts: {implicit: 0, pageLoad: 300000, script: 30000}, unhandledPromptBehavior: dismiss and notify, webauthn:extension:credBlob: true, webauthn:extension:largeBlob: true, webauthn:extension:minPinLength: true, webauthn:extension:prf: true, webauthn:virtualAuthenticators: true}\nElement: [[ChromeDriver: chrome on windows (3b1c673181c994888d118563762c1e26)] -> css selector: .ico-cart]\nSession ID: 3b1c673181c994888d118563762c1e26","trace":"org.openqa.selenium.ElementClickInterceptedException: element click intercepted: Element <a href=\"/cart\" class=\"ico-cart\">...</a> is not clickable at point (384, 18). Other element would receive the click: <p class=\"content\">...</p>\n  (Session info: chrome=139.0.7258.155)\nBuild info: version: '4.21.0', revision: '79ed462ef4'\nSystem info: os.name: 'Windows 10', os.arch: 'amd64', os.version: '10.0', java.version: '22.0.2'\nDriver info: org.openqa.selenium.chrome.ChromeDriver\nCommand: [3b1c673181c994888d118563762c1e26, clickElement {id=f.4165513C0B07582BDCE6C6478F65E91A.d.CE9EAFDC804B4EDD972D76F24FAD199B.e.163}]\nCapabilities {acceptInsecureCerts: false, browserName: chrome, browserVersion: 139.0.7258.155, chrome: {chromedriverVersion: 139.0.7258.154 (9e0d6b2b47f..., userDataDir: C:\\Users\\JCATAC~1\\AppData\\L...}, fedcm:accounts: true, goog:chromeOptions: {debuggerAddress: localhost:51630}, networkConnectionEnabled: false, pageLoadStrategy: normal, platformName: windows, proxy: Proxy(), se:cdp: ws://localhost:51630/devtoo..., se:cdpVersion: 139.0.7258.155, setWindowRect: true, strictFileInteractability: false, timeouts: {implicit: 0, pageLoad: 300000, script: 30000}, unhandledPromptBehavior: dismiss and notify, webauthn:extension:credBlob: true, webauthn:extension:largeBlob: true, webauthn:extension:minPinLength: true, webauthn:extension:prf: true, webauthn:virtualAuthenticators: true}\nElement: [[ChromeDriver: chrome on windows (3b1c673181c994888d118563762c1e26)] -> css selector: .ico-cart]\nSession ID: 3b1c673181c994888d118563762c1e26\r\n\tat java.base/jdk.internal.reflect.DirectConstructorHandleAccessor.newInstance(DirectConstructorHandleAccessor.java:62)\r\n\tat java.base/java.lang.reflect.Constructor.newInstanceWithCaller(Constructor.java:502)\r\n\tat java.base/java.lang.reflect.Constructor.newInstance(Constructor.java:486)\r\n\tat org.openqa.selenium.remote.ErrorCodec.decode(ErrorCodec.java:167)\r\n\tat org.openqa.selenium.remote.codec.w3c.W3CHttpResponseCodec.decode(W3CHttpResponseCodec.java:138)\r\n\tat org.openqa.selenium.remote.codec.w3c.W3CHttpResponseCodec.decode(W3CHttpResponseCodec.java:50)\r\n\tat org.openqa.selenium.remote.HttpCommandExecutor.execute(HttpCommandExecutor.java:190)\r\n\tat org.openqa.selenium.remote.service.DriverCommandExecutor.invokeExecute(DriverCommandExecutor.java:216)\r\n\tat org.openqa.selenium.remote.service.DriverCommandExecutor.execute(DriverCommandExecutor.java:174)\r\n\tat org.openqa.selenium.remote.RemoteWebDriver.execute(RemoteWebDriver.java:518)\r\n\tat org.openqa.selenium.remote.RemoteWebElement.execute(RemoteWebElement.java:223)\r\n\tat org.openqa.selenium.remote.RemoteWebElement.click(RemoteWebElement.java:76)\r\n\tat java.base/jdk.internal.reflect.DirectMethodHandleAccessor.invoke(DirectMethodHandleAccessor.java:103)\r\n\tat java.base/java.lang.reflect.Method.invoke(Method.java:580)\r\n\tat org.openqa.selenium.support.pagefactory.internal.LocatingElementHandler.invoke(LocatingElementHandler.java:51)\r\n\tat jdk.proxy2/jdk.proxy2.$Proxy27.click(Unknown Source)\r\n\tat pages.HomePage.cart(HomePage.java:43)\r\n\tat stepdefinitions.CheckoutSteps.thatAnItemIsAddedToTheCart(CheckoutSteps.java:77)\r\n\tat ✽.that an item is added to the cart(file:///C:/Users/jcatacutan/IdeaProjects/CommerceAutomation/src/test/java/resources/features/checkout.feature:13)\r\n"},"stage":"finished","steps":[{"name":"Given the user is registered","status":"passed","statusDetails":{"known":false,"muted":false,"flaky":false},"stage":"finished","steps":[],"attachments":[],"parameters":[],"start":1756720074401,"stop":1756720078499},{"name":"And the user is able to log in","status":"passed","statusDetails":{"known":false,"muted":false,"flaky":false},"stage":"finished","steps":[],"attachments":[],"parameters":[],"start":1756720078499,"stop":1756720080214},{"name":"Given that an item is added to the cart","status":"broken","statusDetails":{"known":false,"muted":false,"flaky":false,"message":"element click intercepted: Element <a href=\"/cart\" class=\"ico-cart\">...</a> is not clickable at point (384, 18). Other element would receive the click: <p class=\"content\">...</p>\n  (Session info: chrome=139.0.7258.155)\nBuild info: version: '4.21.0', revision: '79ed462ef4'\nSystem info: os.name: 'Windows 10', os.arch: 'amd64', os.version: '10.0', java.version: '22.0.2'\nDriver info: org.openqa.selenium.chrome.ChromeDriver\nCommand: [3b1c673181c994888d118563762c1e26, clickElement {id=f.4165513C0B07582BDCE6C6478F65E91A.d.CE9EAFDC804B4EDD972D76F24FAD199B.e.163}]\nCapabilities {acceptInsecureCerts: false, browserName: chrome, browserVersion: 139.0.7258.155, chrome: {chromedriverVersion: 139.0.7258.154 (9e0d6b2b47f..., userDataDir: C:\\Users\\JCATAC~1\\AppData\\L...}, fedcm:accounts: true, goog:chromeOptions: {debuggerAddress: localhost:51630}, networkConnectionEnabled: false, pageLoadStrategy: normal, platformName: windows, proxy: Proxy(), se:cdp: ws://localhost:51630/devtoo..., se:cdpVersion: 139.0.7258.155, setWindowRect: true, strictFileInteractability: false, timeouts: {implicit: 0, pageLoad: 300000, script: 30000}, unhandledPromptBehavior: dismiss and notify, webauthn:extension:credBlob: true, webauthn:extension:largeBlob: true, webauthn:extension:minPinLength: true, webauthn:extension:prf: true, webauthn:virtualAuthenticators: true}\nElement: [[ChromeDriver: chrome on windows (3b1c673181c994888d118563762c1e26)] -> css selector: .ico-cart]\nSession ID: 3b1c673181c994888d118563762c1e26","trace":"org.openqa.selenium.ElementClickInterceptedException: element click intercepted: Element <a href=\"/cart\" class=\"ico-cart\">...</a> is not clickable at point (384, 18). Other element would receive the click: <p class=\"content\">...</p>\n  (Session info: chrome=139.0.7258.155)\nBuild info: version: '4.21.0', revision: '79ed462ef4'\nSystem info: os.name: 'Windows 10', os.arch: 'amd64', os.version: '10.0', java.version: '22.0.2'\nDriver info: org.openqa.selenium.chrome.ChromeDriver\nCommand: [3b1c673181c994888d118563762c1e26, clickElement {id=f.4165513C0B07582BDCE6C6478F65E91A.d.CE9EAFDC804B4EDD972D76F24FAD199B.e.163}]\nCapabilities {acceptInsecureCerts: false, browserName: chrome, browserVersion: 139.0.7258.155, chrome: {chromedriverVersion: 139.0.7258.154 (9e0d6b2b47f..., userDataDir: C:\\Users\\JCATAC~1\\AppData\\L...}, fedcm:accounts: true, goog:chromeOptions: {debuggerAddress: localhost:51630}, networkConnectionEnabled: false, pageLoadStrategy: normal, platformName: windows, proxy: Proxy(), se:cdp: ws://localhost:51630/devtoo..., se:cdpVersion: 139.0.7258.155, setWindowRect: true, strictFileInteractability: false, timeouts: {implicit: 0, pageLoad: 300000, script: 30000}, unhandledPromptBehavior: dismiss and notify, webauthn:extension:credBlob: true, webauthn:extension:largeBlob: true, webauthn:extension:minPinLength: true, webauthn:extension:prf: true, webauthn:virtualAuthenticators: true}\nElement: [[ChromeDriver: chrome on windows (3b1c673181c994888d118563762c1e26)] -> css selector: .ico-cart]\nSession ID: 3b1c673181c994888d118563762c1e26\r\n\tat java.base/jdk.internal.reflect.DirectConstructorHandleAccessor.newInstance(DirectConstructorHandleAccessor.java:62)\r\n\tat java.base/java.lang.reflect.Constructor.newInstanceWithCaller(Constructor.java:502)\r\n\tat java.base/java.lang.reflect.Constructor.newInstance(Constructor.java:486)\r\n\tat org.openqa.selenium.remote.ErrorCodec.decode(ErrorCodec.java:167)\r\n\tat org.openqa.selenium.remote.codec.w3c.W3CHttpResponseCodec.decode(W3CHttpResponseCodec.java:138)\r\n\tat org.openqa.selenium.remote.codec.w3c.W3CHttpResponseCodec.decode(W3CHttpResponseCodec.java:50)\r\n\tat org.openqa.selenium.remote.HttpCommandExecutor.execute(HttpCommandExecutor.java:190)\r\n\tat org.openqa.selenium.remote.service.DriverCommandExecutor.invokeExecute(DriverCommandExecutor.java:216)\r\n\tat org.openqa.selenium.remote.service.DriverCommandExecutor.execute(DriverCommandExecutor.java:174)\r\n\tat org.openqa.selenium.remote.RemoteWebDriver.execute(RemoteWebDriver.java:518)\r\n\tat org.openqa.selenium.remote.RemoteWebElement.execute(RemoteWebElement.java:223)\r\n\tat org.openqa.selenium.remote.RemoteWebElement.click(RemoteWebElement.java:76)\r\n\tat java.base/jdk.internal.reflect.DirectMethodHandleAccessor.invoke(DirectMethodHandleAccessor.java:103)\r\n\tat java.base/java.lang.reflect.Method.invoke(Method.java:580)\r\n\tat org.openqa.selenium.support.pagefactory.internal.LocatingElementHandler.invoke(LocatingElementHandler.java:51)\r\n\tat jdk.proxy2/jdk.proxy2.$Proxy27.click(Unknown Source)\r\n\tat pages.HomePage.cart(HomePage.java:43)\r\n\tat stepdefinitions.CheckoutSteps.thatAnItemIsAddedToTheCart(CheckoutSteps.java:77)\r\n\tat ✽.that an item is added to the cart(file:///C:/Users/jcatacutan/IdeaProjects/CommerceAutomation/src/test/java/resources/features/checkout.feature:13)\r\n"},"stage":"finished","steps":[],"attachments":[],"parameters":[],"start":1756720080214,"stop":1756720083263},{"name":"When the user has agreed to TOS and clicked the checkout button","status":"skipped","statusDetails":{"known":false,"muted":false,"flaky":false},"stage":"finished","steps":[],"attachments":[],"parameters":[],"start":1756720083263,"stop":1756720083263},{"name":"And the user has filled up the address details with:","status":"skipped","statusDetails":{"known":false,"muted":false,"flaky":false},"stage":"finished","steps":[],"attachments":[{"name":"Data table","source":"0e56f58c-275c-408e-af05-1f2d1ff50e2b-attachment.csv","type":"text/tab-separated-values"}],"parameters":[],"start":1756720083263,"stop":1756720083263},{"name":"And the user has selected the Shipping method as \"Next Day Air\"","status":"skipped","statusDetails":{"known":false,"muted":false,"flaky":false},"stage":"finished","steps":[],"attachments":[],"parameters":[],"start":1756720083263,"stop":1756720083263},{"name":"And the user has selected the Payment method as \"Credit Card\"","status":"skipped","statusDetails":{"known":false,"muted":false,"flaky":false},"stage":"finished","steps":[],"attachments":[],"parameters":[],"start":1756720083263,"stop":1756720083263},{"name":"And the user has confirmed the Payment information","status":"skipped","statusDetails":{"known":false,"muted":false,"flaky":false},"stage":"finished","steps":[],"attachments":[],"parameters":[],"start":1756720083263,"stop":1756720083263},{"name":"And the user has confirmed the order","status":"skipped","statusDetails":{"known":false,"muted":false,"flaky":false},"stage":"finished","steps":[],"attachments":[],"parameters":[],"start":1756720083263,"stop":1756720083263},{"name":"Then the user should be redirected to order confirmed page","status":"skipped","statusDetails":{"known":false,"muted":false,"flaky":false},"stage":"finished","steps":[],"attachments":[],"parameters":[],"start":1756720083263,"stop":1756720083263}],"attachments":[],"parameters":[{"name":"Shipping","value":"Next Day Air"},{"name":"Payment","value":"Credit Card"}],"start":1756720072416,"stop":1756720083627}